<?xml version="1.0" encoding="UTF-8"?>
<testng-results ignored="0" total="5" passed="4" failed="1" skipped="0">
  <reporter-output>
  </reporter-output>
  <suite started-at="2026-04-10T11:35:19 IST" name="Default suite" finished-at="2026-04-10T11:36:08 IST" duration-ms="49282">
    <groups>
    </groups>
    <test started-at="2026-04-10T11:35:19 IST" name="Default test" finished-at="2026-04-10T11:36:08 IST" duration-ms="49282">
      <class name="flightbookingTest.FlightBookingTest">
        <test-method is-config="true" signature="setUp()[pri:0, instance:flightbookingTest.FlightBookingTest@397fbdb]" started-at="2026-04-10T11:35:19 IST" name="setUp" finished-at="2026-04-10T11:35:43 IST" duration-ms="23653" status="PASS">
          <reporter-output>
          </reporter-output>
        </test-method> <!-- setUp -->
        <test-method signature="loginUnsuccessfulTest()[pri:1, instance:flightbookingTest.FlightBookingTest@397fbdb]" started-at="2026-04-10T11:35:43 IST" name="loginUnsuccessfulTest" finished-at="2026-04-10T11:35:46 IST" duration-ms="3560" status="FAIL">
          <exception class="java.lang.AssertionError">
            <message>
              <![CDATA[expected [true] but found [false]]]>
            </message>
            <full-stacktrace>
              <![CDATA[java.lang.AssertionError: expected [true] but found [false]
at org.testng.Assert.fail(Assert.java:111)
at org.testng.Assert.failNotEquals(Assert.java:1578)
at org.testng.Assert.assertTrue(Assert.java:57)
at org.testng.Assert.assertTrue(Assert.java:67)
at flightbookingTest.FlightBookingTest.loginUnsuccessfulTest(FlightBookingTest.java:41)
at java.base/jdk.internal.reflect.DirectMethodHandleAccessor.invoke(DirectMethodHandleAccessor.java:103)
at java.base/java.lang.reflect.Method.invoke(Method.java:580)
at org.testng.internal.invokers.MethodInvocationHelper.invokeMethod(MethodInvocationHelper.java:139)
at org.testng.internal.invokers.TestInvoker.invokeMethod(TestInvoker.java:664)
at org.testng.internal.invokers.TestInvoker.invokeTestMethod(TestInvoker.java:228)
at org.testng.internal.invokers.MethodRunner.runInSequence(MethodRunner.java:63)
at org.testng.internal.invokers.TestInvoker$MethodInvocationAgent.invoke(TestInvoker.java:961)
at org.testng.internal.invokers.TestInvoker.invokeTestMethods(TestInvoker.java:201)
at org.testng.internal.invokers.TestMethodWorker.invokeTestMethods(TestMethodWorker.java:148)
at org.testng.internal.invokers.TestMethodWorker.run(TestMethodWorker.java:128)
at java.base/java.util.ArrayList.forEach(ArrayList.java:1596)
at org.testng.TestRunner.privateRun(TestRunner.java:819)
at org.testng.TestRunner.run(TestRunner.java:619)
at org.testng.SuiteRunner.runTest(SuiteRunner.java:443)
at org.testng.SuiteRunner.runSequentially(SuiteRunner.java:437)
at org.testng.SuiteRunner.privateRun(SuiteRunner.java:397)
at org.testng.SuiteRunner.run(SuiteRunner.java:336)
at org.testng.SuiteRunnerWorker.runSuite(SuiteRunnerWorker.java:52)
at org.testng.SuiteRunnerWorker.run(SuiteRunnerWorker.java:95)
at org.testng.TestNG.runSuitesSequentially(TestNG.java:1301)
at org.testng.TestNG.runSuitesLocally(TestNG.java:1228)
at org.testng.TestNG.runSuites(TestNG.java:1134)
at org.testng.TestNG.run(TestNG.java:1101)
at org.testng.remote.AbstractRemoteTestNG.run(AbstractRemoteTestNG.java:115)
at org.testng.remote.RemoteTestNG.initAndRun(RemoteTestNG.java:293)
at org.testng.remote.RemoteTestNG.main(RemoteTestNG.java:91)
]]>
            </full-stacktrace>
          </exception> <!-- java.lang.AssertionError -->
          <reporter-output>
          </reporter-output>
        </test-method> <!-- loginUnsuccessfulTest -->
        <test-method signature="loginSuccessfulTest()[pri:2, instance:flightbookingTest.FlightBookingTest@397fbdb]" started-at="2026-04-10T11:35:46 IST" name="loginSuccessfulTest" finished-at="2026-04-10T11:35:51 IST" duration-ms="5050" status="PASS">
          <reporter-output>
          </reporter-output>
        </test-method> <!-- loginSuccessfulTest -->
        <test-method signature="navigateToFlightsTest()[pri:3, instance:flightbookingTest.FlightBookingTest@397fbdb]" started-at="2026-04-10T11:35:51 IST" name="navigateToFlightsTest" finished-at="2026-04-10T11:35:53 IST" duration-ms="1305" status="PASS">
          <reporter-output>
          </reporter-output>
        </test-method> <!-- navigateToFlightsTest -->
        <test-method signature="flightBookingWorkflowTest()[pri:4, instance:flightbookingTest.FlightBookingTest@397fbdb]" started-at="2026-04-10T11:35:53 IST" name="flightBookingWorkflowTest" finished-at="2026-04-10T11:35:56 IST" duration-ms="3519" status="PASS">
          <reporter-output>
          </reporter-output>
        </test-method> <!-- flightBookingWorkflowTest -->
        <test-method signature="resultValidationTest()[pri:5, instance:flightbookingTest.FlightBookingTest@397fbdb]" started-at="2026-04-10T11:35:56 IST" name="resultValidationTest" finished-at="2026-04-10T11:35:56 IST" duration-ms="135" status="PASS">
          <reporter-output>
          </reporter-output>
        </test-method> <!-- resultValidationTest -->
        <test-method is-config="true" signature="tearDown()[pri:0, instance:flightbookingTest.FlightBookingTest@397fbdb]" started-at="2026-04-10T11:35:56 IST" name="tearDown" finished-at="2026-04-10T11:36:08 IST" duration-ms="11781" status="PASS">
          <reporter-output>
          </reporter-output>
        </test-method> <!-- tearDown -->
      </class> <!-- flightbookingTest.FlightBookingTest -->
    </test> <!-- Default test -->
  </suite> <!-- Default suite -->
</testng-results>
